<?xml version="1.0" encoding="UTF-8"?>
<testsuite name="taller1.SplitAlgorithmTest" tests="1" skipped="0" failures="0" errors="0" timestamp="2024-03-04T22:10:27" hostname="desktop-linux" time="0.023">
  <properties/>
  <testcase name="SplitAlgorithm multiply method" classname="taller1.SplitAlgorithmTest" time="0.023"/>
  <system-out><![CDATA[]]></system-out>
  <system-err><![CDATA[]]></system-err>
</testsuite>
